{"D:\\Bootcamp FE\\Task\\Day 30\\MiniProject-React\\src\\App.jsx": {"path":"D:\\Bootcamp FE\\Task\\Day 30\\MiniProject-React\\src\\App.jsx","statementMap":{"0":{"start":{"line":13,"column":2},"end":{"line":38,"column":4}}},"fnMap":{"0":{"name":"App","decl":{"start":{"line":12,"column":9},"end":{"line":12,"column":12}},"loc":{"start":{"line":12,"column":15},"end":{"line":39,"column":1}},"line":12}},"branchMap":{},"s":{"0":6},"f":{"0":6},"b":{},"_coverageSchema":"1a1c01bbd47fc00a2c39e90264f33305004495a9","hash":"02b9252ef875e402407277be9a7bdd2ea51bdef4"}
,"D:\\Bootcamp FE\\Task\\Day 30\\MiniProject-React\\src\\components\\BackButton.jsx": {"path":"D:\\Bootcamp FE\\Task\\Day 30\\MiniProject-React\\src\\components\\BackButton.jsx","statementMap":{"0":{"start":{"line":5,"column":19},"end":{"line":23,"column":1}},"1":{"start":{"line":6,"column":19},"end":{"line":6,"column":32}},"2":{"start":{"line":8,"column":2},"end":{"line":22,"column":4}},"3":{"start":{"line":11,"column":21},"end":{"line":11,"column":33}}},"fnMap":{"0":{"name":"(anonymous_0)","decl":{"start":{"line":5,"column":19},"end":{"line":5,"column":20}},"loc":{"start":{"line":5,"column":41},"end":{"line":23,"column":1}},"line":5},"1":{"name":"(anonymous_1)","decl":{"start":{"line":11,"column":15},"end":{"line":11,"column":16}},"loc":{"start":{"line":11,"column":21},"end":{"line":11,"column":33}},"line":11}},"branchMap":{"0":{"loc":{"start":{"line":5,"column":22},"end":{"line":5,"column":34}},"type":"default-arg","locations":[{"start":{"line":5,"column":27},"end":{"line":5,"column":34}}],"line":5}},"s":{"0":1,"1":4,"2":4,"3":1},"f":{"0":4,"1":1},"b":{"0":[4]},"_coverageSchema":"1a1c01bbd47fc00a2c39e90264f33305004495a9","hash":"4f57b6f5b58ee674686c63927b24b230b408e8f6"}
,"D:\\Bootcamp FE\\Task\\Day 30\\MiniProject-React\\src\\components\\Features.jsx": {"path":"D:\\Bootcamp FE\\Task\\Day 30\\MiniProject-React\\src\\components\\Features.jsx","statementMap":{"0":{"start":{"line":4,"column":17},"end":{"line":33,"column":1}},"1":{"start":{"line":35,"column":17},"end":{"line":101,"column":1}},"2":{"start":{"line":36,"column":2},"end":{"line":100,"column":4}},"3":{"start":{"line":69,"column":12},"end":{"line":87,"column":18}}},"fnMap":{"0":{"name":"(anonymous_0)","decl":{"start":{"line":35,"column":17},"end":{"line":35,"column":18}},"loc":{"start":{"line":35,"column":23},"end":{"line":101,"column":1}},"line":35},"1":{"name":"(anonymous_1)","decl":{"start":{"line":68,"column":24},"end":{"line":68,"column":25}},"loc":{"start":{"line":69,"column":12},"end":{"line":87,"column":18}},"line":69}},"branchMap":{},"s":{"0":1,"1":1,"2":7,"3":28},"f":{"0":7,"1":28},"b":{},"_coverageSchema":"1a1c01bbd47fc00a2c39e90264f33305004495a9","hash":"274d5ff63704d9d086c6eb7c7a91bcfe7171d9e6"}
,"D:\\Bootcamp FE\\Task\\Day 30\\MiniProject-React\\src\\components\\Footer.jsx": {"path":"D:\\Bootcamp FE\\Task\\Day 30\\MiniProject-React\\src\\components\\Footer.jsx","statementMap":{"0":{"start":{"line":5,"column":15},"end":{"line":151,"column":1}},"1":{"start":{"line":6,"column":22},"end":{"line":6,"column":46}},"2":{"start":{"line":8,"column":25},"end":{"line":20,"column":3}},"3":{"start":{"line":22,"column":22},"end":{"line":33,"column":3}},"4":{"start":{"line":35,"column":2},"end":{"line":150,"column":4}},"5":{"start":{"line":82,"column":20},"end":{"line":89,"column":24}},"6":{"start":{"line":104,"column":24},"end":{"line":111,"column":29}},"7":{"start":{"line":122,"column":24},"end":{"line":129,"column":29}}},"fnMap":{"0":{"name":"(anonymous_0)","decl":{"start":{"line":5,"column":15},"end":{"line":5,"column":16}},"loc":{"start":{"line":5,"column":21},"end":{"line":151,"column":1}},"line":5},"1":{"name":"(anonymous_1)","decl":{"start":{"line":81,"column":35},"end":{"line":81,"column":36}},"loc":{"start":{"line":82,"column":20},"end":{"line":89,"column":24}},"line":82},"2":{"name":"(anonymous_2)","decl":{"start":{"line":103,"column":50},"end":{"line":103,"column":51}},"loc":{"start":{"line":104,"column":24},"end":{"line":111,"column":29}},"line":104},"3":{"name":"(anonymous_3)","decl":{"start":{"line":121,"column":50},"end":{"line":121,"column":51}},"loc":{"start":{"line":122,"column":24},"end":{"line":129,"column":29}},"line":122}},"branchMap":{},"s":{"0":1,"1":4,"2":4,"3":4,"4":4,"5":8,"6":12,"7":16},"f":{"0":4,"1":8,"2":12,"3":16},"b":{},"_coverageSchema":"1a1c01bbd47fc00a2c39e90264f33305004495a9","hash":"fa9be301babd461fe45ceb49b11ff5f467713a85"}
,"D:\\Bootcamp FE\\Task\\Day 30\\MiniProject-React\\src\\components\\HeroSection.jsx": {"path":"D:\\Bootcamp FE\\Task\\Day 30\\MiniProject-React\\src\\components\\HeroSection.jsx","statementMap":{"0":{"start":{"line":3,"column":20},"end":{"line":72,"column":1}},"1":{"start":{"line":4,"column":2},"end":{"line":71,"column":4}}},"fnMap":{"0":{"name":"(anonymous_0)","decl":{"start":{"line":3,"column":20},"end":{"line":3,"column":21}},"loc":{"start":{"line":3,"column":26},"end":{"line":72,"column":1}},"line":3}},"branchMap":{},"s":{"0":1,"1":13},"f":{"0":13},"b":{},"_coverageSchema":"1a1c01bbd47fc00a2c39e90264f33305004495a9","hash":"96c33de0d9051e4c0bf61e8351a2b6b132a090c9"}
,"D:\\Bootcamp FE\\Task\\Day 30\\MiniProject-React\\src\\components\\Navbar.jsx": {"path":"D:\\Bootcamp FE\\Task\\Day 30\\MiniProject-React\\src\\components\\Navbar.jsx","statementMap":{"0":{"start":{"line":6,"column":15},"end":{"line":236,"column":1}},"1":{"start":{"line":7,"column":19},"end":{"line":7,"column":32}},"2":{"start":{"line":8,"column":19},"end":{"line":8,"column":32}},"3":{"start":{"line":9,"column":38},"end":{"line":9,"column":53}},"4":{"start":{"line":10,"column":50},"end":{"line":10,"column":65}},"5":{"start":{"line":12,"column":20},"end":{"line":12,"column":43}},"6":{"start":{"line":13,"column":21},"end":{"line":13,"column":58}},"7":{"start":{"line":15,"column":2},"end":{"line":34,"column":9}},"8":{"start":{"line":16,"column":18},"end":{"line":16,"column":47}},"9":{"start":{"line":17,"column":4},"end":{"line":17,"column":49}},"10":{"start":{"line":18,"column":4},"end":{"line":18,"column":27}},"11":{"start":{"line":20,"column":32},"end":{"line":24,"column":5}},"12":{"start":{"line":21,"column":20},"end":{"line":21,"column":49}},"13":{"start":{"line":22,"column":6},"end":{"line":22,"column":51}},"14":{"start":{"line":23,"column":6},"end":{"line":23,"column":29}},"15":{"start":{"line":26,"column":4},"end":{"line":26,"column":60}},"16":{"start":{"line":28,"column":4},"end":{"line":28,"column":71}},"17":{"start":{"line":30,"column":4},"end":{"line":33,"column":6}},"18":{"start":{"line":31,"column":6},"end":{"line":31,"column":65}},"19":{"start":{"line":32,"column":6},"end":{"line":32,"column":76}},"20":{"start":{"line":36,"column":23},"end":{"line":43,"column":3}},"21":{"start":{"line":37,"column":4},"end":{"line":37,"column":34}},"22":{"start":{"line":38,"column":4},"end":{"line":38,"column":25}},"23":{"start":{"line":39,"column":4},"end":{"line":39,"column":37}},"24":{"start":{"line":40,"column":4},"end":{"line":40,"column":58}},"25":{"start":{"line":41,"column":4},"end":{"line":41,"column":31}},"26":{"start":{"line":42,"column":4},"end":{"line":42,"column":18}},"27":{"start":{"line":45,"column":33},"end":{"line":48,"column":3}},"28":{"start":{"line":46,"column":4},"end":{"line":46,"column":31}},"29":{"start":{"line":47,"column":4},"end":{"line":47,"column":19}},"30":{"start":{"line":50,"column":26},"end":{"line":56,"column":3}},"31":{"start":{"line":51,"column":4},"end":{"line":55,"column":5}},"32":{"start":{"line":52,"column":6},"end":{"line":52,"column":24}},"33":{"start":{"line":54,"column":6},"end":{"line":54,"column":20}},"34":{"start":{"line":58,"column":30},"end":{"line":82,"column":3}},"35":{"start":{"line":59,"column":4},"end":{"line":59,"column":23}},"36":{"start":{"line":61,"column":4},"end":{"line":80,"column":5}},"37":{"start":{"line":62,"column":6},"end":{"line":62,"column":20}},"38":{"start":{"line":63,"column":6},"end":{"line":71,"column":14}},"39":{"start":{"line":64,"column":32},"end":{"line":64,"column":67}},"40":{"start":{"line":65,"column":8},"end":{"line":70,"column":9}},"41":{"start":{"line":66,"column":10},"end":{"line":69,"column":13}},"42":{"start":{"line":73,"column":30},"end":{"line":73,"column":65}},"43":{"start":{"line":74,"column":6},"end":{"line":79,"column":7}},"44":{"start":{"line":75,"column":8},"end":{"line":78,"column":11}},"45":{"start":{"line":81,"column":4},"end":{"line":81,"column":31}},"46":{"start":{"line":84,"column":29},"end":{"line":108,"column":3}},"47":{"start":{"line":85,"column":4},"end":{"line":85,"column":23}},"48":{"start":{"line":87,"column":4},"end":{"line":106,"column":5}},"49":{"start":{"line":88,"column":6},"end":{"line":88,"column":20}},"50":{"start":{"line":89,"column":6},"end":{"line":97,"column":14}},"51":{"start":{"line":90,"column":31},"end":{"line":90,"column":65}},"52":{"start":{"line":91,"column":8},"end":{"line":96,"column":9}},"53":{"start":{"line":92,"column":10},"end":{"line":95,"column":13}},"54":{"start":{"line":99,"column":29},"end":{"line":99,"column":63}},"55":{"start":{"line":100,"column":6},"end":{"line":105,"column":7}},"56":{"start":{"line":101,"column":8},"end":{"line":104,"column":11}},"57":{"start":{"line":107,"column":4},"end":{"line":107,"column":31}},"58":{"start":{"line":110,"column":2},"end":{"line":121,"column":3}},"59":{"start":{"line":111,"column":4},"end":{"line":120,"column":6}},"60":{"start":{"line":123,"column":2},"end":{"line":235,"column":4}},"61":{"start":{"line":156,"column":29},"end":{"line":156,"column":47}},"62":{"start":{"line":164,"column":29},"end":{"line":164,"column":50}},"63":{"start":{"line":185,"column":23},"end":{"line":185,"column":61}},"64":{"start":{"line":208,"column":33},"end":{"line":208,"column":65}},"65":{"start":{"line":214,"column":33},"end":{"line":214,"column":68}}},"fnMap":{"0":{"name":"(anonymous_0)","decl":{"start":{"line":6,"column":15},"end":{"line":6,"column":16}},"loc":{"start":{"line":6,"column":21},"end":{"line":236,"column":1}},"line":6},"1":{"name":"(anonymous_1)","decl":{"start":{"line":15,"column":12},"end":{"line":15,"column":13}},"loc":{"start":{"line":15,"column":18},"end":{"line":34,"column":3}},"line":15},"2":{"name":"(anonymous_2)","decl":{"start":{"line":20,"column":32},"end":{"line":20,"column":33}},"loc":{"start":{"line":20,"column":38},"end":{"line":24,"column":5}},"line":20},"3":{"name":"(anonymous_3)","decl":{"start":{"line":30,"column":11},"end":{"line":30,"column":12}},"loc":{"start":{"line":30,"column":17},"end":{"line":33,"column":5}},"line":30},"4":{"name":"(anonymous_4)","decl":{"start":{"line":36,"column":23},"end":{"line":36,"column":24}},"loc":{"start":{"line":36,"column":29},"end":{"line":43,"column":3}},"line":36},"5":{"name":"(anonymous_5)","decl":{"start":{"line":45,"column":33},"end":{"line":45,"column":34}},"loc":{"start":{"line":45,"column":43},"end":{"line":48,"column":3}},"line":45},"6":{"name":"(anonymous_6)","decl":{"start":{"line":50,"column":26},"end":{"line":50,"column":27}},"loc":{"start":{"line":50,"column":32},"end":{"line":56,"column":3}},"line":50},"7":{"name":"(anonymous_7)","decl":{"start":{"line":58,"column":30},"end":{"line":58,"column":31}},"loc":{"start":{"line":58,"column":37},"end":{"line":82,"column":3}},"line":58},"8":{"name":"(anonymous_8)","decl":{"start":{"line":63,"column":17},"end":{"line":63,"column":18}},"loc":{"start":{"line":63,"column":23},"end":{"line":71,"column":7}},"line":63},"9":{"name":"(anonymous_9)","decl":{"start":{"line":84,"column":29},"end":{"line":84,"column":30}},"loc":{"start":{"line":84,"column":36},"end":{"line":108,"column":3}},"line":84},"10":{"name":"(anonymous_10)","decl":{"start":{"line":89,"column":17},"end":{"line":89,"column":18}},"loc":{"start":{"line":89,"column":23},"end":{"line":97,"column":7}},"line":89},"11":{"name":"(anonymous_11)","decl":{"start":{"line":156,"column":23},"end":{"line":156,"column":24}},"loc":{"start":{"line":156,"column":29},"end":{"line":156,"column":47}},"line":156},"12":{"name":"(anonymous_12)","decl":{"start":{"line":164,"column":23},"end":{"line":164,"column":24}},"loc":{"start":{"line":164,"column":29},"end":{"line":164,"column":50}},"line":164},"13":{"name":"(anonymous_13)","decl":{"start":{"line":185,"column":17},"end":{"line":185,"column":18}},"loc":{"start":{"line":185,"column":23},"end":{"line":185,"column":61}},"line":185},"14":{"name":"(anonymous_14)","decl":{"start":{"line":208,"column":27},"end":{"line":208,"column":28}},"loc":{"start":{"line":208,"column":33},"end":{"line":208,"column":65}},"line":208},"15":{"name":"(anonymous_15)","decl":{"start":{"line":214,"column":27},"end":{"line":214,"column":28}},"loc":{"start":{"line":214,"column":33},"end":{"line":214,"column":68}},"line":214}},"branchMap":{"0":{"loc":{"start":{"line":51,"column":4},"end":{"line":55,"column":5}},"type":"if","locations":[{"start":{"line":51,"column":4},"end":{"line":55,"column":5}},{"start":{"line":53,"column":11},"end":{"line":55,"column":5}}],"line":51},"1":{"loc":{"start":{"line":61,"column":4},"end":{"line":80,"column":5}},"type":"if","locations":[{"start":{"line":61,"column":4},"end":{"line":80,"column":5}},{"start":{"line":72,"column":11},"end":{"line":80,"column":5}}],"line":61},"2":{"loc":{"start":{"line":65,"column":8},"end":{"line":70,"column":9}},"type":"if","locations":[{"start":{"line":65,"column":8},"end":{"line":70,"column":9}},{"start":{},"end":{}}],"line":65},"3":{"loc":{"start":{"line":74,"column":6},"end":{"line":79,"column":7}},"type":"if","locations":[{"start":{"line":74,"column":6},"end":{"line":79,"column":7}},{"start":{},"end":{}}],"line":74},"4":{"loc":{"start":{"line":87,"column":4},"end":{"line":106,"column":5}},"type":"if","locations":[{"start":{"line":87,"column":4},"end":{"line":106,"column":5}},{"start":{"line":98,"column":11},"end":{"line":106,"column":5}}],"line":87},"5":{"loc":{"start":{"line":91,"column":8},"end":{"line":96,"column":9}},"type":"if","locations":[{"start":{"line":91,"column":8},"end":{"line":96,"column":9}},{"start":{},"end":{}}],"line":91},"6":{"loc":{"start":{"line":100,"column":6},"end":{"line":105,"column":7}},"type":"if","locations":[{"start":{"line":100,"column":6},"end":{"line":105,"column":7}},{"start":{},"end":{}}],"line":100},"7":{"loc":{"start":{"line":110,"column":2},"end":{"line":121,"column":3}},"type":"if","locations":[{"start":{"line":110,"column":2},"end":{"line":121,"column":3}},{"start":{},"end":{}}],"line":110},"8":{"loc":{"start":{"line":136,"column":7},"end":{"line":181,"column":7}},"type":"cond-expr","locations":[{"start":{"line":137,"column":8},"end":{"line":170,"column":13}},{"start":{"line":172,"column":8},"end":{"line":180,"column":14}}],"line":136},"9":{"loc":{"start":{"line":190,"column":7},"end":{"line":233,"column":7}},"type":"binary-expr","locations":[{"start":{"line":190,"column":7},"end":{"line":190,"column":23}},{"start":{"line":191,"column":8},"end":{"line":232,"column":14}}],"line":190},"10":{"loc":{"start":{"line":193,"column":13},"end":{"line":230,"column":13}},"type":"cond-expr","locations":[{"start":{"line":194,"column":14},"end":{"line":219,"column":17}},{"start":{"line":221,"column":14},"end":{"line":229,"column":17}}],"line":193}},"s":{"0":2,"1":13,"2":13,"3":13,"4":13,"5":13,"6":13,"7":13,"8":11,"9":11,"10":11,"11":11,"12":0,"13":0,"14":0,"15":11,"16":11,"17":11,"18":11,"19":11,"20":13,"21":0,"22":0,"23":0,"24":0,"25":0,"26":0,"27":13,"28":0,"29":0,"30":13,"31":0,"32":0,"33":0,"34":13,"35":0,"36":0,"37":0,"38":0,"39":0,"40":0,"41":0,"42":0,"43":0,"44":0,"45":0,"46":13,"47":0,"48":0,"49":0,"50":0,"51":0,"52":0,"53":0,"54":0,"55":0,"56":0,"57":0,"58":13,"59":2,"60":11,"61":1,"62":1,"63":0,"64":0,"65":0},"f":{"0":13,"1":11,"2":0,"3":11,"4":0,"5":0,"6":0,"7":0,"8":0,"9":0,"10":0,"11":1,"12":1,"13":0,"14":0,"15":0},"b":{"0":[0,0],"1":[0,0],"2":[0,0],"3":[0,0],"4":[0,0],"5":[0,0],"6":[0,0],"7":[2,11],"8":[9,2],"9":[11,0],"10":[0,0]},"_coverageSchema":"1a1c01bbd47fc00a2c39e90264f33305004495a9","hash":"9f586b03d12dc9ce9de61914632740b4250b9ef3"}
,"D:\\Bootcamp FE\\Task\\Day 30\\MiniProject-React\\src\\components\\ProtectedRoute.jsx": {"path":"D:\\Bootcamp FE\\Task\\Day 30\\MiniProject-React\\src\\components\\ProtectedRoute.jsx","statementMap":{"0":{"start":{"line":4,"column":23},"end":{"line":12,"column":1}},"1":{"start":{"line":5,"column":16},"end":{"line":5,"column":45}},"2":{"start":{"line":7,"column":2},"end":{"line":9,"column":3}},"3":{"start":{"line":8,"column":4},"end":{"line":8,"column":44}},"4":{"start":{"line":11,"column":2},"end":{"line":11,"column":18}}},"fnMap":{"0":{"name":"(anonymous_0)","decl":{"start":{"line":4,"column":23},"end":{"line":4,"column":24}},"loc":{"start":{"line":4,"column":41},"end":{"line":12,"column":1}},"line":4}},"branchMap":{"0":{"loc":{"start":{"line":7,"column":2},"end":{"line":9,"column":3}},"type":"if","locations":[{"start":{"line":7,"column":2},"end":{"line":9,"column":3}},{"start":{},"end":{}}],"line":7}},"s":{"0":1,"1":2,"2":2,"3":0,"4":2},"f":{"0":2},"b":{"0":[0,2]},"_coverageSchema":"1a1c01bbd47fc00a2c39e90264f33305004495a9","hash":"e2fa9cbd32ff3adfb2f93ca265c6fafaa121e45a"}
,"D:\\Bootcamp FE\\Task\\Day 30\\MiniProject-React\\src\\components\\UserActions.jsx": {"path":"D:\\Bootcamp FE\\Task\\Day 30\\MiniProject-React\\src\\components\\UserActions.jsx","statementMap":{"0":{"start":{"line":4,"column":20},"end":{"line":43,"column":1}},"1":{"start":{"line":5,"column":23},"end":{"line":8,"column":3}},"2":{"start":{"line":6,"column":4},"end":{"line":6,"column":43}},"3":{"start":{"line":7,"column":4},"end":{"line":7,"column":29}},"4":{"start":{"line":10,"column":22},"end":{"line":12,"column":3}},"5":{"start":{"line":11,"column":4},"end":{"line":11,"column":50}},"6":{"start":{"line":14,"column":2},"end":{"line":42,"column":4}}},"fnMap":{"0":{"name":"(anonymous_0)","decl":{"start":{"line":4,"column":20},"end":{"line":4,"column":21}},"loc":{"start":{"line":4,"column":34},"end":{"line":43,"column":1}},"line":4},"1":{"name":"(anonymous_1)","decl":{"start":{"line":5,"column":23},"end":{"line":5,"column":24}},"loc":{"start":{"line":5,"column":29},"end":{"line":8,"column":3}},"line":5},"2":{"name":"(anonymous_2)","decl":{"start":{"line":10,"column":22},"end":{"line":10,"column":23}},"loc":{"start":{"line":10,"column":28},"end":{"line":12,"column":3}},"line":10}},"branchMap":{},"s":{"0":1,"1":3,"2":1,"3":1,"4":3,"5":0,"6":3},"f":{"0":3,"1":1,"2":0},"b":{},"_coverageSchema":"1a1c01bbd47fc00a2c39e90264f33305004495a9","hash":"66e7df62df36c2c36c9f01023c918c9da9169e53"}
,"D:\\Bootcamp FE\\Task\\Day 30\\MiniProject-React\\src\\components\\UserCard.jsx": {"path":"D:\\Bootcamp FE\\Task\\Day 30\\MiniProject-React\\src\\components\\UserCard.jsx","statementMap":{"0":{"start":{"line":4,"column":17},"end":{"line":56,"column":1}},"1":{"start":{"line":5,"column":2},"end":{"line":55,"column":4}},"2":{"start":{"line":8,"column":21},"end":{"line":8,"column":37}}},"fnMap":{"0":{"name":"(anonymous_0)","decl":{"start":{"line":4,"column":17},"end":{"line":4,"column":18}},"loc":{"start":{"line":4,"column":40},"end":{"line":56,"column":1}},"line":4},"1":{"name":"(anonymous_1)","decl":{"start":{"line":8,"column":15},"end":{"line":8,"column":16}},"loc":{"start":{"line":8,"column":21},"end":{"line":8,"column":37}},"line":8}},"branchMap":{},"s":{"0":1,"1":5,"2":1},"f":{"0":5,"1":1},"b":{},"_coverageSchema":"1a1c01bbd47fc00a2c39e90264f33305004495a9","hash":"2b3ab37a5b18a214d97e7ce15265a38e2f49a10f"}
,"D:\\Bootcamp FE\\Task\\Day 30\\MiniProject-React\\src\\components\\UserProfileCard.jsx": {"path":"D:\\Bootcamp FE\\Task\\Day 30\\MiniProject-React\\src\\components\\UserProfileCard.jsx","statementMap":{"0":{"start":{"line":4,"column":24},"end":{"line":89,"column":1}},"1":{"start":{"line":5,"column":2},"end":{"line":88,"column":4}}},"fnMap":{"0":{"name":"(anonymous_0)","decl":{"start":{"line":4,"column":24},"end":{"line":4,"column":25}},"loc":{"start":{"line":4,"column":38},"end":{"line":89,"column":1}},"line":4}},"branchMap":{},"s":{"0":1,"1":9},"f":{"0":9},"b":{},"_coverageSchema":"1a1c01bbd47fc00a2c39e90264f33305004495a9","hash":"b5cb8e6df13e60d892ba79a8593d23d6a368d48e"}
,"D:\\Bootcamp FE\\Task\\Day 30\\MiniProject-React\\src\\pages\\HomePage.jsx": {"path":"D:\\Bootcamp FE\\Task\\Day 30\\MiniProject-React\\src\\pages\\HomePage.jsx","statementMap":{"0":{"start":{"line":7,"column":17},"end":{"line":492,"column":1}},"1":{"start":{"line":8,"column":28},"end":{"line":8,"column":40}},"2":{"start":{"line":9,"column":34},"end":{"line":9,"column":46}},"3":{"start":{"line":10,"column":32},"end":{"line":10,"column":46}},"4":{"start":{"line":11,"column":28},"end":{"line":11,"column":40}},"5":{"start":{"line":12,"column":40},"end":{"line":12,"column":51}},"6":{"start":{"line":13,"column":38},"end":{"line":13,"column":49}},"7":{"start":{"line":14,"column":38},"end":{"line":14,"column":49}},"8":{"start":{"line":15,"column":38},"end":{"line":15,"column":50}},"9":{"start":{"line":17,"column":19},"end":{"line":17,"column":32}},"10":{"start":{"line":19,"column":21},"end":{"line":42,"column":3}},"11":{"start":{"line":20,"column":4},"end":{"line":20,"column":21}},"12":{"start":{"line":21,"column":4},"end":{"line":41,"column":5}},"13":{"start":{"line":22,"column":23},"end":{"line":22,"column":59}},"14":{"start":{"line":23,"column":6},"end":{"line":35,"column":7}},"15":{"start":{"line":24,"column":8},"end":{"line":24,"column":37}},"16":{"start":{"line":26,"column":8},"end":{"line":28,"column":9}},"17":{"start":{"line":27,"column":10},"end":{"line":27,"column":42}},"18":{"start":{"line":29,"column":8},"end":{"line":29,"column":48}},"19":{"start":{"line":30,"column":8},"end":{"line":30,"column":54}},"20":{"start":{"line":32,"column":8},"end":{"line":32,"column":72}},"21":{"start":{"line":34,"column":8},"end":{"line":34,"column":45}},"22":{"start":{"line":37,"column":6},"end":{"line":37,"column":52}},"23":{"start":{"line":38,"column":6},"end":{"line":38,"column":42}},"24":{"start":{"line":40,"column":6},"end":{"line":40,"column":24}},"25":{"start":{"line":44,"column":2},"end":{"line":46,"column":9}},"26":{"start":{"line":45,"column":4},"end":{"line":45,"column":17}},"27":{"start":{"line":48,"column":27},"end":{"line":52,"column":3}},"28":{"start":{"line":49,"column":4},"end":{"line":51,"column":5}},"29":{"start":{"line":50,"column":6},"end":{"line":50,"column":23}},"30":{"start":{"line":54,"column":26},"end":{"line":56,"column":3}},"31":{"start":{"line":55,"column":4},"end":{"line":55,"column":32}},"32":{"start":{"line":58,"column":28},"end":{"line":60,"column":3}},"33":{"start":{"line":59,"column":4},"end":{"line":59,"column":34}},"34":{"start":{"line":62,"column":23},"end":{"line":70,"column":3}},"35":{"start":{"line":63,"column":18},"end":{"line":63,"column":42}},"36":{"start":{"line":64,"column":21},"end":{"line":68,"column":5}},"37":{"start":{"line":66,"column":8},"end":{"line":67,"column":48}},"38":{"start":{"line":69,"column":4},"end":{"line":69,"column":23}},"39":{"start":{"line":72,"column":28},"end":{"line":75,"column":3}},"40":{"start":{"line":73,"column":4},"end":{"line":73,"column":22}},"41":{"start":{"line":74,"column":4},"end":{"line":74,"column":23}},"42":{"start":{"line":77,"column":25},"end":{"line":81,"column":3}},"43":{"start":{"line":78,"column":4},"end":{"line":80,"column":5}},"44":{"start":{"line":79,"column":6},"end":{"line":79,"column":21}},"45":{"start":{"line":83,"column":2},"end":{"line":102,"column":3}},"46":{"start":{"line":84,"column":4},"end":{"line":101,"column":6}},"47":{"start":{"line":104,"column":2},"end":{"line":137,"column":3}},"48":{"start":{"line":105,"column":4},"end":{"line":136,"column":6}},"49":{"start":{"line":127,"column":31},"end":{"line":127,"column":43}},"50":{"start":{"line":139,"column":2},"end":{"line":491,"column":4}},"51":{"start":{"line":401,"column":18},"end":{"line":405,"column":20}},"52":{"start":{"line":425,"column":37},"end":{"line":425,"column":70}},"53":{"start":{"line":447,"column":24},"end":{"line":457,"column":33}},"54":{"start":{"line":449,"column":41},"end":{"line":449,"column":68}},"55":{"start":{"line":462,"column":37},"end":{"line":462,"column":70}}},"fnMap":{"0":{"name":"(anonymous_0)","decl":{"start":{"line":7,"column":17},"end":{"line":7,"column":18}},"loc":{"start":{"line":7,"column":23},"end":{"line":492,"column":1}},"line":7},"1":{"name":"(anonymous_1)","decl":{"start":{"line":19,"column":21},"end":{"line":19,"column":22}},"loc":{"start":{"line":19,"column":41},"end":{"line":42,"column":3}},"line":19},"2":{"name":"(anonymous_2)","decl":{"start":{"line":44,"column":12},"end":{"line":44,"column":13}},"loc":{"start":{"line":44,"column":18},"end":{"line":46,"column":3}},"line":44},"3":{"name":"(anonymous_3)","decl":{"start":{"line":48,"column":27},"end":{"line":48,"column":28}},"loc":{"start":{"line":48,"column":37},"end":{"line":52,"column":3}},"line":48},"4":{"name":"(anonymous_4)","decl":{"start":{"line":54,"column":26},"end":{"line":54,"column":27}},"loc":{"start":{"line":54,"column":38},"end":{"line":56,"column":3}},"line":54},"5":{"name":"(anonymous_5)","decl":{"start":{"line":58,"column":28},"end":{"line":58,"column":29}},"loc":{"start":{"line":58,"column":35},"end":{"line":60,"column":3}},"line":58},"6":{"name":"(anonymous_6)","decl":{"start":{"line":62,"column":23},"end":{"line":62,"column":24}},"loc":{"start":{"line":62,"column":29},"end":{"line":70,"column":3}},"line":62},"7":{"name":"(anonymous_7)","decl":{"start":{"line":65,"column":6},"end":{"line":65,"column":7}},"loc":{"start":{"line":66,"column":8},"end":{"line":67,"column":48}},"line":66},"8":{"name":"(anonymous_8)","decl":{"start":{"line":72,"column":28},"end":{"line":72,"column":29}},"loc":{"start":{"line":72,"column":34},"end":{"line":75,"column":3}},"line":72},"9":{"name":"(anonymous_9)","decl":{"start":{"line":77,"column":25},"end":{"line":77,"column":26}},"loc":{"start":{"line":77,"column":32},"end":{"line":81,"column":3}},"line":77},"10":{"name":"(anonymous_10)","decl":{"start":{"line":127,"column":25},"end":{"line":127,"column":26}},"loc":{"start":{"line":127,"column":31},"end":{"line":127,"column":43}},"line":127},"11":{"name":"(anonymous_11)","decl":{"start":{"line":400,"column":27},"end":{"line":400,"column":28}},"loc":{"start":{"line":401,"column":18},"end":{"line":405,"column":20}},"line":401},"12":{"name":"(anonymous_12)","decl":{"start":{"line":425,"column":31},"end":{"line":425,"column":32}},"loc":{"start":{"line":425,"column":37},"end":{"line":425,"column":70}},"line":425},"13":{"name":"(anonymous_13)","decl":{"start":{"line":446,"column":50},"end":{"line":446,"column":51}},"loc":{"start":{"line":447,"column":24},"end":{"line":457,"column":33}},"line":447},"14":{"name":"(anonymous_14)","decl":{"start":{"line":449,"column":35},"end":{"line":449,"column":36}},"loc":{"start":{"line":449,"column":41},"end":{"line":449,"column":68}},"line":449},"15":{"name":"(anonymous_15)","decl":{"start":{"line":462,"column":31},"end":{"line":462,"column":32}},"loc":{"start":{"line":462,"column":37},"end":{"line":462,"column":70}},"line":462}},"branchMap":{"0":{"loc":{"start":{"line":19,"column":28},"end":{"line":19,"column":36}},"type":"default-arg","locations":[{"start":{"line":19,"column":35},"end":{"line":19,"column":36}}],"line":19},"1":{"loc":{"start":{"line":23,"column":6},"end":{"line":35,"column":7}},"type":"if","locations":[{"start":{"line":23,"column":6},"end":{"line":35,"column":7}},{"start":{"line":33,"column":13},"end":{"line":35,"column":7}}],"line":23},"2":{"loc":{"start":{"line":23,"column":10},"end":{"line":23,"column":45}},"type":"binary-expr","locations":[{"start":{"line":23,"column":10},"end":{"line":23,"column":23}},{"start":{"line":23,"column":27},"end":{"line":23,"column":45}}],"line":23},"3":{"loc":{"start":{"line":26,"column":8},"end":{"line":28,"column":9}},"type":"if","locations":[{"start":{"line":26,"column":8},"end":{"line":28,"column":9}},{"start":{},"end":{}}],"line":26},"4":{"loc":{"start":{"line":29,"column":23},"end":{"line":29,"column":46}},"type":"binary-expr","locations":[{"start":{"line":29,"column":23},"end":{"line":29,"column":41}},{"start":{"line":29,"column":45},"end":{"line":29,"column":46}}],"line":29},"5":{"loc":{"start":{"line":30,"column":22},"end":{"line":30,"column":52}},"type":"binary-expr","locations":[{"start":{"line":30,"column":22},"end":{"line":30,"column":47}},{"start":{"line":30,"column":51},"end":{"line":30,"column":52}}],"line":30},"6":{"loc":{"start":{"line":32,"column":22},"end":{"line":32,"column":70}},"type":"binary-expr","locations":[{"start":{"line":32,"column":22},"end":{"line":32,"column":41}},{"start":{"line":32,"column":45},"end":{"line":32,"column":70}}],"line":32},"7":{"loc":{"start":{"line":49,"column":4},"end":{"line":51,"column":5}},"type":"if","locations":[{"start":{"line":49,"column":4},"end":{"line":51,"column":5}},{"start":{},"end":{}}],"line":49},"8":{"loc":{"start":{"line":49,"column":8},"end":{"line":49,"column":39}},"type":"binary-expr","locations":[{"start":{"line":49,"column":8},"end":{"line":49,"column":17}},{"start":{"line":49,"column":21},"end":{"line":49,"column":39}}],"line":49},"9":{"loc":{"start":{"line":66,"column":8},"end":{"line":67,"column":48}},"type":"binary-expr","locations":[{"start":{"line":66,"column":8},"end":{"line":66,"column":76}},{"start":{"line":67,"column":8},"end":{"line":67,"column":48}}],"line":66},"10":{"loc":{"start":{"line":78,"column":4},"end":{"line":80,"column":5}},"type":"if","locations":[{"start":{"line":78,"column":4},"end":{"line":80,"column":5}},{"start":{},"end":{}}],"line":78},"11":{"loc":{"start":{"line":83,"column":2},"end":{"line":102,"column":3}},"type":"if","locations":[{"start":{"line":83,"column":2},"end":{"line":102,"column":3}},{"start":{},"end":{}}],"line":83},"12":{"loc":{"start":{"line":104,"column":2},"end":{"line":137,"column":3}},"type":"if","locations":[{"start":{"line":104,"column":2},"end":{"line":137,"column":3}},{"start":{},"end":{}}],"line":104},"13":{"loc":{"start":{"line":286,"column":15},"end":{"line":306,"column":15}},"type":"binary-expr","locations":[{"start":{"line":286,"column":15},"end":{"line":286,"column":25}},{"start":{"line":287,"column":16},"end":{"line":305,"column":25}}],"line":286},"14":{"loc":{"start":{"line":330,"column":15},"end":{"line":337,"column":15}},"type":"binary-expr","locations":[{"start":{"line":330,"column":15},"end":{"line":330,"column":25}},{"start":{"line":331,"column":16},"end":{"line":336,"column":25}}],"line":330},"15":{"loc":{"start":{"line":348,"column":50},"end":{"line":348,"column":77}},"type":"binary-expr","locations":[{"start":{"line":348,"column":50},"end":{"line":348,"column":60}},{"start":{"line":348,"column":64},"end":{"line":348,"column":77}}],"line":348},"16":{"loc":{"start":{"line":366,"column":11},"end":{"line":485,"column":11}},"type":"cond-expr","locations":[{"start":{"line":367,"column":12},"end":{"line":396,"column":18}},{"start":{"line":398,"column":12},"end":{"line":484,"column":15}}],"line":366},"17":{"loc":{"start":{"line":451,"column":28},"end":{"line":453,"column":141}},"type":"cond-expr","locations":[{"start":{"line":452,"column":32},"end":{"line":452,"column":118}},{"start":{"line":453,"column":32},"end":{"line":453,"column":141}}],"line":451}},"s":{"0":1,"1":3,"2":3,"3":3,"4":3,"5":3,"6":3,"7":3,"8":3,"9":3,"10":3,"11":3,"12":3,"13":3,"14":3,"15":3,"16":3,"17":3,"18":3,"19":3,"20":3,"21":0,"22":0,"23":0,"24":3,"25":3,"26":3,"27":3,"28":0,"29":0,"30":3,"31":0,"32":3,"33":0,"34":3,"35":0,"36":0,"37":0,"38":0,"39":3,"40":0,"41":0,"42":3,"43":0,"44":0,"45":3,"46":3,"47":0,"48":0,"49":0,"50":0,"51":0,"52":0,"53":0,"54":0,"55":0},"f":{"0":3,"1":3,"2":3,"3":0,"4":0,"5":0,"6":0,"7":0,"8":0,"9":0,"10":0,"11":0,"12":0,"13":0,"14":0,"15":0},"b":{"0":[3],"1":[3,0],"2":[3,3],"3":[3,0],"4":[3,0],"5":[3,0],"6":[3,0],"7":[0,0],"8":[0,0],"9":[0,0],"10":[0,0],"11":[3,0],"12":[0,0],"13":[0,0],"14":[0,0],"15":[0,0],"16":[0,0],"17":[0,0]},"_coverageSchema":"1a1c01bbd47fc00a2c39e90264f33305004495a9","hash":"fc8bfe1985a82fa0322919aed8c412af0d5a7b7a"}
,"D:\\Bootcamp FE\\Task\\Day 30\\MiniProject-React\\src\\pages\\LandingPage.jsx": {"path":"D:\\Bootcamp FE\\Task\\Day 30\\MiniProject-React\\src\\pages\\LandingPage.jsx","statementMap":{"0":{"start":{"line":8,"column":20},"end":{"line":23,"column":1}},"1":{"start":{"line":9,"column":2},"end":{"line":12,"column":9}},"2":{"start":{"line":10,"column":18},"end":{"line":10,"column":47}},"3":{"start":{"line":11,"column":4},"end":{"line":11,"column":54}},"4":{"start":{"line":14,"column":2},"end":{"line":22,"column":4}}},"fnMap":{"0":{"name":"(anonymous_0)","decl":{"start":{"line":8,"column":20},"end":{"line":8,"column":21}},"loc":{"start":{"line":8,"column":26},"end":{"line":23,"column":1}},"line":8},"1":{"name":"(anonymous_1)","decl":{"start":{"line":9,"column":12},"end":{"line":9,"column":13}},"loc":{"start":{"line":9,"column":18},"end":{"line":12,"column":3}},"line":9}},"branchMap":{},"s":{"0":1,"1":4,"2":4,"3":4,"4":4},"f":{"0":4,"1":4},"b":{},"_coverageSchema":"1a1c01bbd47fc00a2c39e90264f33305004495a9","hash":"79681c70df5b2380b9f7eebfafc3f9083cabad3a"}
,"D:\\Bootcamp FE\\Task\\Day 30\\MiniProject-React\\src\\pages\\LoginPage.jsx": {"path":"D:\\Bootcamp FE\\Task\\Day 30\\MiniProject-React\\src\\pages\\LoginPage.jsx","statementMap":{"0":{"start":{"line":10,"column":18},"end":{"line":365,"column":1}},"1":{"start":{"line":11,"column":28},"end":{"line":11,"column":40}},"2":{"start":{"line":12,"column":34},"end":{"line":12,"column":46}},"3":{"start":{"line":13,"column":32},"end":{"line":13,"column":47}},"4":{"start":{"line":14,"column":28},"end":{"line":14,"column":40}},"5":{"start":{"line":15,"column":32},"end":{"line":15,"column":44}},"6":{"start":{"line":16,"column":19},"end":{"line":16,"column":32}},"7":{"start":{"line":17,"column":30},"end":{"line":17,"column":42}},"8":{"start":{"line":19,"column":25},"end":{"line":22,"column":3}},"9":{"start":{"line":20,"column":4},"end":{"line":20,"column":29}},"10":{"start":{"line":21,"column":4},"end":{"line":21,"column":35}},"11":{"start":{"line":24,"column":23},"end":{"line":39,"column":3}},"12":{"start":{"line":25,"column":22},"end":{"line":25,"column":24}},"13":{"start":{"line":27,"column":4},"end":{"line":31,"column":5}},"14":{"start":{"line":28,"column":6},"end":{"line":28,"column":44}},"15":{"start":{"line":29,"column":11},"end":{"line":31,"column":5}},"16":{"start":{"line":30,"column":6},"end":{"line":30,"column":47}},"17":{"start":{"line":33,"column":4},"end":{"line":35,"column":5}},"18":{"start":{"line":34,"column":6},"end":{"line":34,"column":50}},"19":{"start":{"line":37,"column":4},"end":{"line":37,"column":25}},"20":{"start":{"line":38,"column":4},"end":{"line":38,"column":47}},"21":{"start":{"line":41,"column":23},"end":{"line":73,"column":3}},"22":{"start":{"line":42,"column":4},"end":{"line":42,"column":23}},"23":{"start":{"line":44,"column":4},"end":{"line":46,"column":5}},"24":{"start":{"line":45,"column":6},"end":{"line":45,"column":13}},"25":{"start":{"line":47,"column":4},"end":{"line":47,"column":21}},"26":{"start":{"line":48,"column":4},"end":{"line":48,"column":17}},"27":{"start":{"line":49,"column":4},"end":{"line":49,"column":19}},"28":{"start":{"line":51,"column":4},"end":{"line":72,"column":5}},"29":{"start":{"line":52,"column":23},"end":{"line":55,"column":8}},"30":{"start":{"line":57,"column":6},"end":{"line":64,"column":7}},"31":{"start":{"line":58,"column":8},"end":{"line":58,"column":59}},"32":{"start":{"line":59,"column":8},"end":{"line":59,"column":62}},"33":{"start":{"line":60,"column":8},"end":{"line":60,"column":38}},"34":{"start":{"line":61,"column":8},"end":{"line":63,"column":16}},"35":{"start":{"line":62,"column":10},"end":{"line":62,"column":28}},"36":{"start":{"line":66,"column":6},"end":{"line":66,"column":43}},"37":{"start":{"line":67,"column":6},"end":{"line":69,"column":8}},"38":{"start":{"line":71,"column":6},"end":{"line":71,"column":24}},"39":{"start":{"line":75,"column":2},"end":{"line":364,"column":4}},"40":{"start":{"line":205,"column":39},"end":{"line":205,"column":63}},"41":{"start":{"line":241,"column":39},"end":{"line":241,"column":66}},"42":{"start":{"line":350,"column":35},"end":{"line":350,"column":56}}},"fnMap":{"0":{"name":"(anonymous_0)","decl":{"start":{"line":10,"column":18},"end":{"line":10,"column":19}},"loc":{"start":{"line":10,"column":24},"end":{"line":365,"column":1}},"line":10},"1":{"name":"(anonymous_1)","decl":{"start":{"line":19,"column":25},"end":{"line":19,"column":26}},"loc":{"start":{"line":19,"column":39},"end":{"line":22,"column":3}},"line":19},"2":{"name":"(anonymous_2)","decl":{"start":{"line":24,"column":23},"end":{"line":24,"column":24}},"loc":{"start":{"line":24,"column":29},"end":{"line":39,"column":3}},"line":24},"3":{"name":"(anonymous_3)","decl":{"start":{"line":41,"column":23},"end":{"line":41,"column":24}},"loc":{"start":{"line":41,"column":36},"end":{"line":73,"column":3}},"line":41},"4":{"name":"(anonymous_4)","decl":{"start":{"line":61,"column":19},"end":{"line":61,"column":20}},"loc":{"start":{"line":61,"column":25},"end":{"line":63,"column":9}},"line":61},"5":{"name":"(anonymous_5)","decl":{"start":{"line":205,"column":32},"end":{"line":205,"column":33}},"loc":{"start":{"line":205,"column":39},"end":{"line":205,"column":63}},"line":205},"6":{"name":"(anonymous_6)","decl":{"start":{"line":241,"column":32},"end":{"line":241,"column":33}},"loc":{"start":{"line":241,"column":39},"end":{"line":241,"column":66}},"line":241},"7":{"name":"(anonymous_7)","decl":{"start":{"line":350,"column":29},"end":{"line":350,"column":30}},"loc":{"start":{"line":350,"column":35},"end":{"line":350,"column":56}},"line":350}},"branchMap":{"0":{"loc":{"start":{"line":27,"column":4},"end":{"line":31,"column":5}},"type":"if","locations":[{"start":{"line":27,"column":4},"end":{"line":31,"column":5}},{"start":{"line":29,"column":11},"end":{"line":31,"column":5}}],"line":27},"1":{"loc":{"start":{"line":29,"column":11},"end":{"line":31,"column":5}},"type":"if","locations":[{"start":{"line":29,"column":11},"end":{"line":31,"column":5}},{"start":{},"end":{}}],"line":29},"2":{"loc":{"start":{"line":33,"column":4},"end":{"line":35,"column":5}},"type":"if","locations":[{"start":{"line":33,"column":4},"end":{"line":35,"column":5}},{"start":{},"end":{}}],"line":33},"3":{"loc":{"start":{"line":44,"column":4},"end":{"line":46,"column":5}},"type":"if","locations":[{"start":{"line":44,"column":4},"end":{"line":46,"column":5}},{"start":{},"end":{}}],"line":44},"4":{"loc":{"start":{"line":57,"column":6},"end":{"line":64,"column":7}},"type":"if","locations":[{"start":{"line":57,"column":6},"end":{"line":64,"column":7}},{"start":{},"end":{}}],"line":57},"5":{"loc":{"start":{"line":57,"column":10},"end":{"line":57,"column":46}},"type":"binary-expr","locations":[{"start":{"line":57,"column":10},"end":{"line":57,"column":23}},{"start":{"line":57,"column":27},"end":{"line":57,"column":46}}],"line":57},"6":{"loc":{"start":{"line":68,"column":8},"end":{"line":68,"column":72}},"type":"binary-expr","locations":[{"start":{"line":68,"column":8},"end":{"line":68,"column":35}},{"start":{"line":68,"column":39},"end":{"line":68,"column":72}}],"line":68},"7":{"loc":{"start":{"line":135,"column":15},"end":{"line":156,"column":15}},"type":"binary-expr","locations":[{"start":{"line":135,"column":15},"end":{"line":135,"column":20}},{"start":{"line":136,"column":16},"end":{"line":155,"column":22}}],"line":135},"8":{"loc":{"start":{"line":158,"column":15},"end":{"line":179,"column":15}},"type":"binary-expr","locations":[{"start":{"line":158,"column":15},"end":{"line":158,"column":22}},{"start":{"line":159,"column":16},"end":{"line":178,"column":22}}],"line":158},"9":{"loc":{"start":{"line":211,"column":19},"end":{"line":215,"column":19}},"type":"binary-expr","locations":[{"start":{"line":211,"column":19},"end":{"line":211,"column":31}},{"start":{"line":212,"column":20},"end":{"line":214,"column":26}}],"line":211},"10":{"loc":{"start":{"line":247,"column":19},"end":{"line":251,"column":19}},"type":"binary-expr","locations":[{"start":{"line":247,"column":19},"end":{"line":247,"column":34}},{"start":{"line":248,"column":20},"end":{"line":250,"column":26}}],"line":247},"11":{"loc":{"start":{"line":285,"column":19},"end":{"line":310,"column":19}},"type":"cond-expr","locations":[{"start":{"line":286,"column":20},"end":{"line":307,"column":26}},{"start":{"line":309,"column":20},"end":{"line":309,"column":29}}],"line":285}},"s":{"0":1,"1":10,"2":10,"3":10,"4":10,"5":10,"6":10,"7":10,"8":10,"9":0,"10":0,"11":10,"12":0,"13":0,"14":0,"15":0,"16":0,"17":0,"18":0,"19":0,"20":0,"21":10,"22":0,"23":0,"24":0,"25":0,"26":0,"27":0,"28":0,"29":0,"30":0,"31":0,"32":0,"33":0,"34":0,"35":0,"36":0,"37":0,"38":0,"39":10,"40":1,"41":1,"42":1},"f":{"0":10,"1":0,"2":0,"3":0,"4":0,"5":1,"6":1,"7":1},"b":{"0":[0,0],"1":[0,0],"2":[0,0],"3":[0,0],"4":[0,0],"5":[0,0],"6":[0,0],"7":[10,0],"8":[10,0],"9":[10,0],"10":[10,0],"11":[0,10]},"_coverageSchema":"1a1c01bbd47fc00a2c39e90264f33305004495a9","hash":"49802855ced09030a868703a314ff24332394585"}
,"D:\\Bootcamp FE\\Task\\Day 30\\MiniProject-React\\src\\pages\\RegisterPage.jsx": {"path":"D:\\Bootcamp FE\\Task\\Day 30\\MiniProject-React\\src\\pages\\RegisterPage.jsx","statementMap":{"0":{"start":{"line":9,"column":21},"end":{"line":399,"column":1}},"1":{"start":{"line":10,"column":28},"end":{"line":10,"column":40}},"2":{"start":{"line":11,"column":34},"end":{"line":11,"column":46}},"3":{"start":{"line":12,"column":48},"end":{"line":12,"column":60}},"4":{"start":{"line":13,"column":32},"end":{"line":13,"column":47}},"5":{"start":{"line":14,"column":28},"end":{"line":14,"column":40}},"6":{"start":{"line":15,"column":32},"end":{"line":15,"column":44}},"7":{"start":{"line":16,"column":19},"end":{"line":16,"column":32}},"8":{"start":{"line":18,"column":25},"end":{"line":22,"column":3}},"9":{"start":{"line":19,"column":4},"end":{"line":19,"column":29}},"10":{"start":{"line":20,"column":4},"end":{"line":20,"column":35}},"11":{"start":{"line":21,"column":4},"end":{"line":21,"column":42}},"12":{"start":{"line":24,"column":23},"end":{"line":56,"column":3}},"13":{"start":{"line":25,"column":4},"end":{"line":25,"column":23}},"14":{"start":{"line":26,"column":4},"end":{"line":26,"column":21}},"15":{"start":{"line":27,"column":4},"end":{"line":27,"column":17}},"16":{"start":{"line":28,"column":4},"end":{"line":28,"column":19}},"17":{"start":{"line":30,"column":4},"end":{"line":34,"column":5}},"18":{"start":{"line":31,"column":6},"end":{"line":31,"column":39}},"19":{"start":{"line":32,"column":6},"end":{"line":32,"column":24}},"20":{"start":{"line":33,"column":6},"end":{"line":33,"column":13}},"21":{"start":{"line":36,"column":4},"end":{"line":55,"column":5}},"22":{"start":{"line":37,"column":23},"end":{"line":40,"column":8}},"23":{"start":{"line":42,"column":6},"end":{"line":49,"column":7}},"24":{"start":{"line":43,"column":8},"end":{"line":43,"column":59}},"25":{"start":{"line":44,"column":8},"end":{"line":44,"column":62}},"26":{"start":{"line":45,"column":8},"end":{"line":45,"column":43}},"27":{"start":{"line":46,"column":8},"end":{"line":48,"column":16}},"28":{"start":{"line":47,"column":10},"end":{"line":47,"column":28}},"29":{"start":{"line":51,"column":6},"end":{"line":51,"column":46}},"30":{"start":{"line":52,"column":6},"end":{"line":52,"column":76}},"31":{"start":{"line":54,"column":6},"end":{"line":54,"column":24}},"32":{"start":{"line":58,"column":2},"end":{"line":398,"column":4}},"33":{"start":{"line":216,"column":39},"end":{"line":216,"column":63}},"34":{"start":{"line":247,"column":39},"end":{"line":247,"column":66}},"35":{"start":{"line":278,"column":39},"end":{"line":278,"column":73}}},"fnMap":{"0":{"name":"(anonymous_0)","decl":{"start":{"line":9,"column":21},"end":{"line":9,"column":22}},"loc":{"start":{"line":9,"column":27},"end":{"line":399,"column":1}},"line":9},"1":{"name":"(anonymous_1)","decl":{"start":{"line":18,"column":25},"end":{"line":18,"column":26}},"loc":{"start":{"line":18,"column":39},"end":{"line":22,"column":3}},"line":18},"2":{"name":"(anonymous_2)","decl":{"start":{"line":24,"column":23},"end":{"line":24,"column":24}},"loc":{"start":{"line":24,"column":36},"end":{"line":56,"column":3}},"line":24},"3":{"name":"(anonymous_3)","decl":{"start":{"line":46,"column":19},"end":{"line":46,"column":20}},"loc":{"start":{"line":46,"column":25},"end":{"line":48,"column":9}},"line":46},"4":{"name":"(anonymous_4)","decl":{"start":{"line":216,"column":32},"end":{"line":216,"column":33}},"loc":{"start":{"line":216,"column":39},"end":{"line":216,"column":63}},"line":216},"5":{"name":"(anonymous_5)","decl":{"start":{"line":247,"column":32},"end":{"line":247,"column":33}},"loc":{"start":{"line":247,"column":39},"end":{"line":247,"column":66}},"line":247},"6":{"name":"(anonymous_6)","decl":{"start":{"line":278,"column":32},"end":{"line":278,"column":33}},"loc":{"start":{"line":278,"column":39},"end":{"line":278,"column":73}},"line":278}},"branchMap":{"0":{"loc":{"start":{"line":30,"column":4},"end":{"line":34,"column":5}},"type":"if","locations":[{"start":{"line":30,"column":4},"end":{"line":34,"column":5}},{"start":{},"end":{}}],"line":30},"1":{"loc":{"start":{"line":42,"column":6},"end":{"line":49,"column":7}},"type":"if","locations":[{"start":{"line":42,"column":6},"end":{"line":49,"column":7}},{"start":{},"end":{}}],"line":42},"2":{"loc":{"start":{"line":42,"column":10},"end":{"line":42,"column":46}},"type":"binary-expr","locations":[{"start":{"line":42,"column":10},"end":{"line":42,"column":23}},{"start":{"line":42,"column":27},"end":{"line":42,"column":46}}],"line":42},"3":{"loc":{"start":{"line":52,"column":15},"end":{"line":52,"column":74}},"type":"binary-expr","locations":[{"start":{"line":52,"column":15},"end":{"line":52,"column":42}},{"start":{"line":52,"column":46},"end":{"line":52,"column":74}}],"line":52},"4":{"loc":{"start":{"line":146,"column":15},"end":{"line":167,"column":15}},"type":"binary-expr","locations":[{"start":{"line":146,"column":15},"end":{"line":146,"column":20}},{"start":{"line":147,"column":16},"end":{"line":166,"column":22}}],"line":146},"5":{"loc":{"start":{"line":169,"column":15},"end":{"line":190,"column":15}},"type":"binary-expr","locations":[{"start":{"line":169,"column":15},"end":{"line":169,"column":22}},{"start":{"line":170,"column":16},"end":{"line":189,"column":22}}],"line":169},"6":{"loc":{"start":{"line":319,"column":19},"end":{"line":344,"column":19}},"type":"cond-expr","locations":[{"start":{"line":320,"column":20},"end":{"line":341,"column":26}},{"start":{"line":343,"column":20},"end":{"line":343,"column":36}}],"line":319}},"s":{"0":1,"1":12,"2":12,"3":12,"4":12,"5":12,"6":12,"7":12,"8":12,"9":0,"10":0,"11":0,"12":12,"13":1,"14":1,"15":1,"16":1,"17":1,"18":1,"19":1,"20":1,"21":0,"22":0,"23":0,"24":0,"25":0,"26":0,"27":0,"28":0,"29":0,"30":0,"31":0,"32":12,"33":2,"34":2,"35":2},"f":{"0":12,"1":0,"2":1,"3":0,"4":2,"5":2,"6":2},"b":{"0":[1,0],"1":[0,0],"2":[0,0],"3":[0,0],"4":[12,1],"5":[12,0],"6":[0,12]},"_coverageSchema":"1a1c01bbd47fc00a2c39e90264f33305004495a9","hash":"6dc7097633562111407a6fb29e7a91065716b037"}
,"D:\\Bootcamp FE\\Task\\Day 30\\MiniProject-React\\src\\services\\api.js": {"path":"D:\\Bootcamp FE\\Task\\Day 30\\MiniProject-React\\src\\services\\api.js","statementMap":{"0":{"start":{"line":3,"column":12},"end":{"line":9,"column":2}},"1":{"start":{"line":11,"column":0},"end":{"line":21,"column":2}},"2":{"start":{"line":13,"column":4},"end":{"line":13,"column":47}},"3":{"start":{"line":14,"column":4},"end":{"line":14,"column":51}},"4":{"start":{"line":15,"column":4},"end":{"line":15,"column":18}},"5":{"start":{"line":18,"column":4},"end":{"line":18,"column":43}},"6":{"start":{"line":19,"column":4},"end":{"line":19,"column":33}}},"fnMap":{"0":{"name":"(anonymous_0)","decl":{"start":{"line":12,"column":2},"end":{"line":12,"column":3}},"loc":{"start":{"line":12,"column":14},"end":{"line":16,"column":3}},"line":12},"1":{"name":"(anonymous_1)","decl":{"start":{"line":17,"column":2},"end":{"line":17,"column":3}},"loc":{"start":{"line":17,"column":13},"end":{"line":20,"column":3}},"line":17}},"branchMap":{},"s":{"0":1,"1":1,"2":0,"3":0,"4":0,"5":0,"6":0},"f":{"0":0,"1":0},"b":{},"_coverageSchema":"1a1c01bbd47fc00a2c39e90264f33305004495a9","hash":"24e9f29e584cf8805504058b46b9df1c4f288dcb"}
}
