TN:
SF:src\App.jsx
FN:12,App
FNF:1
FNH:1
FNDA:6,App
DA:13,6
LF:1
LH:1
BRF:0
BRH:0
end_of_record
TN:
SF:src\components\BackButton.jsx
FN:5,(anonymous_0)
FN:11,(anonymous_1)
FNF:2
FNH:2
FNDA:4,(anonymous_0)
FNDA:1,(anonymous_1)
DA:5,1
DA:6,4
DA:8,4
DA:11,1
LF:4
LH:4
BRDA:5,0,0,4
BRF:1
BRH:1
end_of_record
TN:
SF:src\components\Features.jsx
FN:35,(anonymous_0)
FN:68,(anonymous_1)
FNF:2
FNH:2
FNDA:7,(anonymous_0)
FNDA:28,(anonymous_1)
DA:4,1
DA:35,1
DA:36,7
DA:69,28
LF:4
LH:4
BRF:0
BRH:0
end_of_record
TN:
SF:src\components\Footer.jsx
FN:5,(anonymous_0)
FN:81,(anonymous_1)
FN:103,(anonymous_2)
FN:121,(anonymous_3)
FNF:4
FNH:4
FNDA:4,(anonymous_0)
FNDA:8,(anonymous_1)
FNDA:12,(anonymous_2)
FNDA:16,(anonymous_3)
DA:5,1
DA:6,4
DA:8,4
DA:22,4
DA:35,4
DA:82,8
DA:104,12
DA:122,16
LF:8
LH:8
BRF:0
BRH:0
end_of_record
TN:
SF:src\components\HeroSection.jsx
FN:3,(anonymous_0)
FNF:1
FNH:1
FNDA:13,(anonymous_0)
DA:3,1
DA:4,13
LF:2
LH:2
BRF:0
BRH:0
end_of_record
TN:
SF:src\components\Navbar.jsx
FN:6,(anonymous_0)
FN:15,(anonymous_1)
FN:20,(anonymous_2)
FN:30,(anonymous_3)
FN:36,(anonymous_4)
FN:45,(anonymous_5)
FN:50,(anonymous_6)
FN:58,(anonymous_7)
FN:63,(anonymous_8)
FN:84,(anonymous_9)
FN:89,(anonymous_10)
FN:156,(anonymous_11)
FN:164,(anonymous_12)
FN:185,(anonymous_13)
FN:208,(anonymous_14)
FN:214,(anonymous_15)
FNF:16
FNH:5
FNDA:13,(anonymous_0)
FNDA:11,(anonymous_1)
FNDA:0,(anonymous_2)
FNDA:11,(anonymous_3)
FNDA:0,(anonymous_4)
FNDA:0,(anonymous_5)
FNDA:0,(anonymous_6)
FNDA:0,(anonymous_7)
FNDA:0,(anonymous_8)
FNDA:0,(anonymous_9)
FNDA:0,(anonymous_10)
FNDA:1,(anonymous_11)
FNDA:1,(anonymous_12)
FNDA:0,(anonymous_13)
FNDA:0,(anonymous_14)
FNDA:0,(anonymous_15)
DA:6,2
DA:7,13
DA:8,13
DA:9,13
DA:10,13
DA:12,13
DA:13,13
DA:15,13
DA:16,11
DA:17,11
DA:18,11
DA:20,11
DA:21,0
DA:22,0
DA:23,0
DA:26,11
DA:28,11
DA:30,11
DA:31,11
DA:32,11
DA:36,13
DA:37,0
DA:38,0
DA:39,0
DA:40,0
DA:41,0
DA:42,0
DA:45,13
DA:46,0
DA:47,0
DA:50,13
DA:51,0
DA:52,0
DA:54,0
DA:58,13
DA:59,0
DA:61,0
DA:62,0
DA:63,0
DA:64,0
DA:65,0
DA:66,0
DA:73,0
DA:74,0
DA:75,0
DA:81,0
DA:84,13
DA:85,0
DA:87,0
DA:88,0
DA:89,0
DA:90,0
DA:91,0
DA:92,0
DA:99,0
DA:100,0
DA:101,0
DA:107,0
DA:110,13
DA:111,2
DA:123,11
DA:156,1
DA:164,1
DA:185,0
DA:208,0
DA:214,0
LF:66
LH:27
BRDA:51,0,0,0
BRDA:51,0,1,0
BRDA:61,1,0,0
BRDA:61,1,1,0
BRDA:65,2,0,0
BRDA:65,2,1,0
BRDA:74,3,0,0
BRDA:74,3,1,0
BRDA:87,4,0,0
BRDA:87,4,1,0
BRDA:91,5,0,0
BRDA:91,5,1,0
BRDA:100,6,0,0
BRDA:100,6,1,0
BRDA:110,7,0,2
BRDA:110,7,1,11
BRDA:136,8,0,9
BRDA:136,8,1,2
BRDA:190,9,0,11
BRDA:190,9,1,0
BRDA:193,10,0,0
BRDA:193,10,1,0
BRF:22
BRH:5
end_of_record
TN:
SF:src\components\ProtectedRoute.jsx
FN:4,(anonymous_0)
FNF:1
FNH:1
FNDA:2,(anonymous_0)
DA:4,1
DA:5,2
DA:7,2
DA:8,0
DA:11,2
LF:5
LH:4
BRDA:7,0,0,0
BRDA:7,0,1,2
BRF:2
BRH:1
end_of_record
TN:
SF:src\components\UserActions.jsx
FN:4,(anonymous_0)
FN:5,(anonymous_1)
FN:10,(anonymous_2)
FNF:3
FNH:2
FNDA:3,(anonymous_0)
FNDA:1,(anonymous_1)
FNDA:0,(anonymous_2)
DA:4,1
DA:5,3
DA:6,1
DA:7,1
DA:10,3
DA:11,0
DA:14,3
LF:7
LH:6
BRF:0
BRH:0
end_of_record
TN:
SF:src\components\UserCard.jsx
FN:4,(anonymous_0)
FN:8,(anonymous_1)
FNF:2
FNH:2
FNDA:5,(anonymous_0)
FNDA:1,(anonymous_1)
DA:4,1
DA:5,5
DA:8,1
LF:3
LH:3
BRF:0
BRH:0
end_of_record
TN:
SF:src\components\UserProfileCard.jsx
FN:4,(anonymous_0)
FNF:1
FNH:1
FNDA:9,(anonymous_0)
DA:4,1
DA:5,9
LF:2
LH:2
BRF:0
BRH:0
end_of_record
TN:
SF:src\pages\HomePage.jsx
FN:7,(anonymous_0)
FN:19,(anonymous_1)
FN:44,(anonymous_2)
FN:48,(anonymous_3)
FN:54,(anonymous_4)
FN:58,(anonymous_5)
FN:62,(anonymous_6)
FN:65,(anonymous_7)
FN:72,(anonymous_8)
FN:77,(anonymous_9)
FN:127,(anonymous_10)
FN:400,(anonymous_11)
FN:425,(anonymous_12)
FN:446,(anonymous_13)
FN:449,(anonymous_14)
FN:462,(anonymous_15)
FNF:16
FNH:3
FNDA:3,(anonymous_0)
FNDA:3,(anonymous_1)
FNDA:3,(anonymous_2)
FNDA:0,(anonymous_3)
FNDA:0,(anonymous_4)
FNDA:0,(anonymous_5)
FNDA:0,(anonymous_6)
FNDA:0,(anonymous_7)
FNDA:0,(anonymous_8)
FNDA:0,(anonymous_9)
FNDA:0,(anonymous_10)
FNDA:0,(anonymous_11)
FNDA:0,(anonymous_12)
FNDA:0,(anonymous_13)
FNDA:0,(anonymous_14)
FNDA:0,(anonymous_15)
DA:7,1
DA:8,3
DA:9,3
DA:10,3
DA:11,3
DA:12,3
DA:13,3
DA:14,3
DA:15,3
DA:17,3
DA:19,3
DA:20,3
DA:21,3
DA:22,3
DA:23,3
DA:24,3
DA:26,3
DA:27,3
DA:29,3
DA:30,3
DA:32,3
DA:34,0
DA:37,0
DA:38,0
DA:40,3
DA:44,3
DA:45,3
DA:48,3
DA:49,0
DA:50,0
DA:54,3
DA:55,0
DA:58,3
DA:59,0
DA:62,3
DA:63,0
DA:64,0
DA:66,0
DA:69,0
DA:72,3
DA:73,0
DA:74,0
DA:77,3
DA:78,0
DA:79,0
DA:83,3
DA:84,3
DA:104,0
DA:105,0
DA:127,0
DA:139,0
DA:401,0
DA:425,0
DA:447,0
DA:449,0
DA:462,0
LF:56
LH:32
BRDA:19,0,0,3
BRDA:23,1,0,3
BRDA:23,1,1,0
BRDA:23,2,0,3
BRDA:23,2,1,3
BRDA:26,3,0,3
BRDA:26,3,1,0
BRDA:29,4,0,3
BRDA:29,4,1,0
BRDA:30,5,0,3
BRDA:30,5,1,0
BRDA:32,6,0,3
BRDA:32,6,1,0
BRDA:49,7,0,0
BRDA:49,7,1,0
BRDA:49,8,0,0
BRDA:49,8,1,0
BRDA:66,9,0,0
BRDA:66,9,1,0
BRDA:78,10,0,0
BRDA:78,10,1,0
BRDA:83,11,0,3
BRDA:83,11,1,0
BRDA:104,12,0,0
BRDA:104,12,1,0
BRDA:286,13,0,0
BRDA:286,13,1,0
BRDA:330,14,0,0
BRDA:330,14,1,0
BRDA:348,15,0,0
BRDA:348,15,1,0
BRDA:366,16,0,0
BRDA:366,16,1,0
BRDA:451,17,0,0
BRDA:451,17,1,0
BRF:35
BRH:9
end_of_record
TN:
SF:src\pages\LandingPage.jsx
FN:8,(anonymous_0)
FN:9,(anonymous_1)
FNF:2
FNH:2
FNDA:4,(anonymous_0)
FNDA:4,(anonymous_1)
DA:8,1
DA:9,4
DA:10,4
DA:11,4
DA:14,4
LF:5
LH:5
BRF:0
BRH:0
end_of_record
TN:
SF:src\pages\LoginPage.jsx
FN:10,(anonymous_0)
FN:19,(anonymous_1)
FN:24,(anonymous_2)
FN:41,(anonymous_3)
FN:61,(anonymous_4)
FN:205,(anonymous_5)
FN:241,(anonymous_6)
FN:350,(anonymous_7)
FNF:8
FNH:4
FNDA:10,(anonymous_0)
FNDA:0,(anonymous_1)
FNDA:0,(anonymous_2)
FNDA:0,(anonymous_3)
FNDA:0,(anonymous_4)
FNDA:1,(anonymous_5)
FNDA:1,(anonymous_6)
FNDA:1,(anonymous_7)
DA:10,1
DA:11,10
DA:12,10
DA:13,10
DA:14,10
DA:15,10
DA:16,10
DA:17,10
DA:19,10
DA:20,0
DA:21,0
DA:24,10
DA:25,0
DA:27,0
DA:28,0
DA:29,0
DA:30,0
DA:33,0
DA:34,0
DA:37,0
DA:38,0
DA:41,10
DA:42,0
DA:44,0
DA:45,0
DA:47,0
DA:48,0
DA:49,0
DA:51,0
DA:52,0
DA:57,0
DA:58,0
DA:59,0
DA:60,0
DA:61,0
DA:62,0
DA:66,0
DA:67,0
DA:71,0
DA:75,10
DA:205,1
DA:241,1
DA:350,1
LF:43
LH:15
BRDA:27,0,0,0
BRDA:27,0,1,0
BRDA:29,1,0,0
BRDA:29,1,1,0
BRDA:33,2,0,0
BRDA:33,2,1,0
BRDA:44,3,0,0
BRDA:44,3,1,0
BRDA:57,4,0,0
BRDA:57,4,1,0
BRDA:57,5,0,0
BRDA:57,5,1,0
BRDA:68,6,0,0
BRDA:68,6,1,0
BRDA:135,7,0,10
BRDA:135,7,1,0
BRDA:158,8,0,10
BRDA:158,8,1,0
BRDA:211,9,0,10
BRDA:211,9,1,0
BRDA:247,10,0,10
BRDA:247,10,1,0
BRDA:285,11,0,0
BRDA:285,11,1,10
BRF:24
BRH:5
end_of_record
TN:
SF:src\pages\RegisterPage.jsx
FN:9,(anonymous_0)
FN:18,(anonymous_1)
FN:24,(anonymous_2)
FN:46,(anonymous_3)
FN:216,(anonymous_4)
FN:247,(anonymous_5)
FN:278,(anonymous_6)
FNF:7
FNH:5
FNDA:12,(anonymous_0)
FNDA:0,(anonymous_1)
FNDA:1,(anonymous_2)
FNDA:0,(anonymous_3)
FNDA:2,(anonymous_4)
FNDA:2,(anonymous_5)
FNDA:2,(anonymous_6)
DA:9,1
DA:10,12
DA:11,12
DA:12,12
DA:13,12
DA:14,12
DA:15,12
DA:16,12
DA:18,12
DA:19,0
DA:20,0
DA:21,0
DA:24,12
DA:25,1
DA:26,1
DA:27,1
DA:28,1
DA:30,1
DA:31,1
DA:32,1
DA:33,1
DA:36,0
DA:37,0
DA:42,0
DA:43,0
DA:44,0
DA:45,0
DA:46,0
DA:47,0
DA:51,0
DA:52,0
DA:54,0
DA:58,12
DA:216,2
DA:247,2
DA:278,2
LF:36
LH:22
BRDA:30,0,0,1
BRDA:30,0,1,0
BRDA:42,1,0,0
BRDA:42,1,1,0
BRDA:42,2,0,0
BRDA:42,2,1,0
BRDA:52,3,0,0
BRDA:52,3,1,0
BRDA:146,4,0,12
BRDA:146,4,1,1
BRDA:169,5,0,12
BRDA:169,5,1,0
BRDA:319,6,0,0
BRDA:319,6,1,12
BRF:14
BRH:5
end_of_record
TN:
SF:src\services\api.js
FN:12,(anonymous_0)
FN:17,(anonymous_1)
FNF:2
FNH:0
FNDA:0,(anonymous_0)
FNDA:0,(anonymous_1)
DA:3,1
DA:11,1
DA:13,0
DA:14,0
DA:15,0
DA:18,0
DA:19,0
LF:7
LH:2
BRF:0
BRH:0
end_of_record
